1695524990148:findAllBooks
1695525014466:find-all-books
1695525076611:help
1695525091392:stacktrace
1695525464747:find-all-books
1695525483086:save-book
1695525510129:save-book abc wolber 2023
1695525519152:find-all-books
1731792472110:help
1731792497535:save-book "The Idiot" "Dostoyevsky" 1923
1731792515125:find-all-books
1733702766850:saveCEO "Mary T. Barra" "General Motors" "Consumer Discretionary" "GM" "https://www.gm.com/content/Pages/bios/global/en/corporate-officers/Mary-Barra/_jcr_content/image.resize.maxw_1024.jpg/1649863490763.jpg"
1733702818931:saveCEO "Jane Fraser" "Citigroup" "Financials" "C" "https://www.citigroup.com/rcs/v1/siteIds/citigpa/asset/66a91de5ea5e6b6b4d133841.jpg"
1733702852166:saveCEO "Julie Sweet" "Accenture" "Information Technology" "ACN" "https://disabilityin.org/wp-content/uploads/2021/04/Julie-Sweet.jpg"
1733702879733:saveCEO "Carol B. Tome" "United Parcel Service" "Industrials" "UPS" "https://thewomenleaders.com/wp-content/uploads/2023/03/CarolTome.png"
1733702913734:saveCEO "Kathy J. Warden" "Northrop Grumman" "Industrials" "NOC" "https://www.merck.com/wp-content/uploads/sites/124/2020/04/board-warden-1-1.jpg?resize=666,664"
1733703081874:saveCEO "Lisa Su" "Advanced Micro Devices" "Information Technology" "AMD""https://www.womentech.net/sites/default/files/styles/portrait/public/webform/influential_women_to_follow/67534/lisa-su.jpg?itok=mnuPf8LC"
1733703112439:saveCEO "Gail Boudreaux" "Elevance Health" "Health Care" "ELV" "https://s3-prod.modernhealthcare.com/s3fs-public/styles/width_375/public/2011-top-25-women-leaders-in-healthcare-gail-boudreaux.png"
1733703153102:saveCEO "Jennifer A. Parmentier" "Parker Hannifin" "Industrials" "PH" "https://www.parker.com/content/dam/parker/na/united-states/about-parker/leadership/Leadership-Jenny-Parmentier.jpg?im=Resize=(960,540)"
1733703179687:saveCEO "Lynn J. Good" "Duke Energy" "Utilities" "DUK" "https://www.myfuturenc.org/wp-content/uploads/2020/08/lynn-good-5x7-1-245x300-c-default-245x300-c-default.jpg"
1733703218277:saveCEO "Corie Barry" "Best Buy" "Consumer Discretionary" "BBY" "https://corporate.bestbuy.com/wp-content/uploads/2019/06/Corie-Barry_BBY-Corp-Headshot_Crop-279x368.jpg"
1733703257713:saveCEO "Stephanie L. Ferris" "Fidelity National Information Services" "FFinancials" "FIS" "https://wbcollaborative.org/wp-content/uploads/2024/09/StephanieFerris.jpg"
1733703340293:saveCEO "Jennifer M. Johnson" "Franklin Resources" "Financials" "PGR" "https://www.independent.org/images/bios_retina/j/johnson_jennifer_400x520.jpg"
1733703369888:saveCEO "Tricia Griffith" "Progressive" "Financials" "PGR" "https://media.licdn.com/dms/image/v2/C4E03AQFMYc1nlFCyEQ/profile-displayphoto-shrink_400_400/profile-displayphoto-shrink_400_400/0/1521663736144?e=1738195200&v=beta&t=5X8lrT6VjYyyI2VuexrqEp8TuRJ4_AVYnHch6c6VkvI"
1733703426985:saveCEO "Vicki Hollub" "Occidental Petroleum" "Energy" "OXY" "https://www.dallasfed.org/-/media/images/people/councils/energy/hollub.jpg"
1733703457460:saveCEO "Patricia K. Poppe" "PG&E Corporation" "Utilities" "PCG" "https://www.power-grid.com/wp-content/uploads/2020/10/Poppe-Headshot-2020-1-scaled.jpg"
1733703487822:saveCEO "Michele Buck" "The Hershey Company" "Consumer Staples" "HSY" "https://www.confectioneryproduction.com/wp-content/uploads/michele-buck.jpg"
1733703584809:saveCEO "Debra A. Cafaro" "Ventas" "Real Estate" "VTR" "https://www.thechicagonetwork.org/wp-content/uploads/members/Cafaro_Deborah.jpg"
1733703658300:saveCEO "Joanne C. Crevoiserat" "Tapestry" "Consumer Discretionary" "TPR" "https://www.milanofinanza.it/remote/static.milanofinanza.it/content_upload/img/2024/09/202409111248418695/JoanneCrevoiserat_1134x501-530169.jpg?w=692&h=&mode=crop&anchor=topcenter&format=jpg&quality=75"
1733703692823:saveCEO "Barbara Rentler" "Ross Stores" "Consumer Discretionary" "ROST" "https://wbcollaborative.org/wp-content/uploads/2024/09/BarbaraRentler.jpg"
1733703719853:saveCEO "Linda J. Rendle" "The Clorox Company" "Consumer Staples" "CLX" "https://media.bizj.us/view/img/11828821/lindarendleheadshot*320x480x1800-2700-143-0.jpg"
1733703756494:saveCEO "Reshma Kewalramani" "Vertex Pharmaceuticals" "Health Care" "VRTX" "https://www.vrtx.com/sites/global/files/styles/hero_title_img_v6_desktop/public/kewalramani_reshma_500x500.jpg?itok=0whfUCS"
1733703781941:saveCEO "Kristin Peck" "Zoetis" "Health Care" "ZTS" "https://zoetis-zoetis2022-live.cphostaccess.com/our-purpose/our-story/executive-team/easset_upload_file96529_977990_e.png"
1733703817033:saveCEO "Safra Catz" "Oracle" "Information Technology" "ORCL" "https://ekb6dgzykgb.exactdn.com/wp-content/uploads/2024/11/410c1085185452a3f546fe76c0ad4271-727x727-c-default.jpg?strip=all&lossy=1&ssl=1"
1733703846774:saveCEO "Jayshree Ullal" "Arista Networks" "Information Technology" "ANET" "https://mendoza.nd.edu/wp-content/uploads/2020/10/web-JU_headshot-1-440x440.jpg"
1733703873602:saveCEO "Adena Friedman" "Nasdaq, Inc." "Financials" "NDAQ" "https://www.nasdaq.com/sites/acquia.prod/files/styles/355x355/public/2024/02/02/Adena-Friedman-web-headshot-2024.jpg?h=1e66e246&itok=roiQyUQF"
1733703972819:saveCEO "Lisa Palmer" "Regency Centers Corporation" "Real Estate" "REG""https://investors.regencycenters.com/system/files-encrypted/styles/nir_person_large_bio_pic/encrypt/nasdaq_kms/people/2019/05/29/8-09-19/Lisa_STAY_.jpg?h=95041553&itok=aZH1aGe"
1733704006684:saveCEO "Lori Ryerkerk" "Celanese Corporation" "Materials" "CE" "https://www.aiche.org/sites/default/files/styles/ache_portrait_no-up-scale_nocrop/public/images/bio/lori_ryerkerk_-_celanese_corporation_-_chief_executive_officer_high_res_pic_use_this_one_0.jpg?itok=UyKxRYna"
1733704032090:saveCEO "Sarah M. London" "Centene" "Health Care" "CNC" "https://www.centene.com/content/dam/centenedotcom/images/sarah-london-ceo-centene-2023-2.jpg"
1733704685838:findAllCEOs
1733773959463:saveCEO "Brette Fitzgibbon" "USF" "Education" "USF" "https://www.linkedin.com/"
1733773975030:findAllCEOs
1733783088888:saveCEO "Mary T. Barra" "General Motors" "Consumer Discretionary" "GM" "https://www.gm.com/content/Pages/bios/global/en/corporate-officers/Mary-Barra/_jcr_content/image.resize.maxw_1024.jpg/1649863490763.jpg"
1733783114434:saveCEO "Jane Fraser" "Citigroup" "Financials" "C" "https://www.citigroup.com/rcs/v1/siteIds/citigpa/asset/66a91de5ea5e6b6b4d133841.jpg"
1733783146534:saveCEO "Julie Sweet" "Accenture" "Information Technology" "ACN" "https://disabilityin.org/wp-content/uploads/2021/04/Julie-Sweet.jpg"
1733783222734:saveCEO "Carol B. Tome" "United Parcel Service" "Industrials" "UPS" "https://thewomenleaders.com/wp-content/uploads/2023/03/CarolTome.png"
1733783248719:saveCEO "Kathy J. Warden" "Northrop Grumman" "Industrials" "NOC" "https://www.merck.com/wp-content/uploads/sites/124/2020/04/board-warden-1-1.jpg?resize=666,664"
1733783962909:saveCEO "Lisa Su" "Advanced Micro Devices" "Information Technology" "AMD" "https://www.womentech.net/sites/default/files/styles/portrait/public/webform/influential_women_to_follow/67534/lisa-su.jpg?itok=mnuPf8LC"
1733784143252:saveCEO "Gail Boudreaux" "Elevance Health" "Health Care" "ELV" "https://s3-prod.modernhealthcare.com/s3fs-public/styles/width_375/public/2011-top-25-women-leaders-in-healthcare-gail-boudreaux.png"
1733784173005:saveCEO "Jennifer A. Parmentier" "Parker Hannifin" "Industrials" "PH" "https://www.parker.com/content/dam/parker/na/united-states/about-parker/leadership/Leadership-Jenny-Parmentier.jpg?im=Resize=(960,540)"
1733784289656:saveCEO "Lynn J. Good" "Duke Energy" "Utilities" "DUK" "https://www.myfuturenc.org/wp-content/uploads/2020/08/lynn-good-5x7-1-245x300-c-default-245x300-c-default.jpg"
1733784330556:saveCEO "Corie Barry" "Best Buy" "Consumer Discretionary" "BBY" "https://corporate.bestbuy.com/wp-content/uploads/2019/06/Corie-Barry_BBY-Corp-Headshot_Crop-279x368.jpg"
1733784384418:saveCEO "Stephanie L. Ferris" "Fidelity National Information Services" "Financials" "FIS" "https://wbcollaborative.org/wp-content/uploads/2024/09/StephanieFerris.jpg"
1733784411697:saveCEO "Jennifer M. Johnson" "Franklin Resources" "Financials" "BEN" "https://www.independent.org/images/bios_retina/j/johnson_jennifer_400x520.jpg"
1733784547017:saveCEO "Tricia Griffith" "Progressive" "Financials" "PGR" "https://media.licdn.com/dms/image/v2/C4E03AQFMYc1nlFCyEQ/profile-displayphoto-shrink_400_400/profile-displayphoto-shrink_400_400/0/1521663736144?e=1738195200&v=beta&t=5X8lrT6VjYyyI2VuexrqEp8TuRJ4_AVYnHch6c6VkvI"
1733784576451:saveCEO "Vicki Hollub" "Occidental Petroleum" "Energy" "OXY" "https://www.dallasfed.org/-/media/images/people/councils/energy/hollub.jpg"
1733784606950:saveCEO "Patricia K. Poppe" "PG&E Corporation" "Utilities" "PCG" "https://www.power-grid.com/wp-content/uploads/2020/10/Poppe-Headshot-2020-1-scaled.jpg"
1733784636176:saveCEO "Michele Buck" "The Hershey Company" "Consumer Staples" "HSY" "https://www.confectioneryproduction.com/wp-content/uploads/michele-buck.jpg"
1733784664305:saveCEO "Debra A. Cafaro" "Ventas" "Real Estate" "VTR" "https://www.thechicagonetwork.org/wp-content/uploads/members/Cafaro_Deborah.jpg"
1733784692244:saveCEO "Joanne C. Crevoiserat" "Tapestry" "Consumer Discretionary" "TPR" "https://www.milanofinanza.it/remote/static.milanofinanza.it/content_upload/img/2024/09/202409111248418695/JoanneCrevoiserat_1134x501-530169.jpg?w=692&h=&mode=crop&anchor=topcenter&format=jpg&quality=75"
1733784717592:saveCEO "Barbara Rentler" "Ross Stores" "Consumer Discretionary" "ROST" "https://wbcollaborative.org/wp-content/uploads/2024/09/BarbaraRentler.jpg"
1733784747019:saveCEO "Linda J. Rendle" "The Clorox Company" "Consumer Staples" "CLX" "https://media.bizj.us/view/img/11828821/lindarendleheadshot*320x480x1800-2700-143-0.jpg"
1733784792444:saveCEO "Reshma Kewalramani" "Vertex Pharmaceuticals" "Health Care" "VRTX" "https://www.vrtx.com/sites/global/files/styles/hero_title_img_v6_desktop/public/kewalramani_reshma_500x500.jpg?itok=0whfUCS_"
1733784880893:saveCEO "Kristin Peck" "Zoetis" "Health Care" "ZTS" "https://zoetis-zoetis2022-live.cphostaccess.com/our-purpose/our-story/executive-team/easset_upload_file96529_977990_e.png"
1733784913006:saveCEO "Safra Catz" "Oracle" "Information Technology" "ORCL" "https://ekb6dgzykgb.exactdn.com/wp-content/uploads/2024/11/410c1085185452a3f546fe76c0ad4271-727x727-c-default.jpg?strip=all&lossy=1&ssl=1"
1733784940186:saveCEO "Jayshree Ullal" "Arista Networks" "Information Technology" "ANET" "https://mendoza.nd.edu/wp-content/uploads/2020/10/web-JU_headshot-1-440x440.jpg"
1733784965232:saveCEO "Adena Friedman" "Nasdaq, Inc." "Financials" "NDAQ" "https://www.nasdaq.com/sites/acquia.prod/files/styles/355x355/public/2024/02/02/Adena-Friedman-web-headshot-2024.jpg?h=1e66e246&itok=roiQyUQF"
1733784991356:saveCEO "Lisa Palmer" "Regency Centers Corporation" "Real Estate" "REG" "https://investors.regencycenters.com/system/files-encrypted/styles/nir_person_large_bio_pic/encrypt/nasdaq_kms/people/2019/05/29/8-09-19/Lisa_STAY_.jpg?h=95041553&itok=aZH1aGe_"
1733785015299:saveCEO "Lori Ryerkerk" "Celanese Corporation" "Materials" "CE" "https://www.aiche.org/sites/default/files/styles/ache_portrait_no-up-scale_nocrop/public/images/bio/lori_ryerkerk_-_celanese_corporation_-_chief_executive_officer_high_res_pic_use_this_one_0.jpg?itok=UyKxRYna"
1733785024309:findAllCEOs
